<?xml version="1.0" encoding="UTF-8"?>
<testsuite xmlns:xsi="http://www.w3.org/2001/XMLSchema-instance" xsi:noNamespaceSchemaLocation="https://maven.apache.org/surefire/maven-surefire-plugin/xsd/surefire-test-report-3.0.xsd" version="3.0" name="PayrollSummaryServiceTest" time="1.07" tests="9" errors="0" skipped="0" failures="0">
  <properties>
[...]
</properties>
  <testcase name="test7_fetchPayrollSummariesJTable" classname="PayrollSummaryServiceTest" time="0.581">
    <system-out><![CDATA[Database connection established for PayrollSummaryServiceTest.
Test 7: fetchPayrollSummaries - Populate JTable
JTable model class: DefaultTableModel
]]></system-out>
  </testcase>
  <testcase name="test2_listPayrollSummaryAllEmployees" classname="PayrollSummaryServiceTest" time="0.108">
    <system-out><![CDATA[Test 2: listPayrollSummary - For all employees
All employee summaries found: 238
]]></system-out>
  </testcase>
  <testcase name="test8_fetchAllPayrollSummariesJTable" classname="PayrollSummaryServiceTest" time="0.089">
    <system-out><![CDATA[Test 8: fetchAllPayrollSummaries - Populate JTable with all employees
JTable total rows: 238
]]></system-out>
  </testcase>
  <testcase name="test9_listPayrollSummary_nullDateEmployee" classname="PayrollSummaryServiceTest" time="0.031">
    <system-out><![CDATA[Test 9: listPayrollSummary - Null date, real employee
Summaries found: 7
]]></system-out>
  </testcase>
  <testcase name="test5_benefitsCalculation_nonExistentEmployee" classname="PayrollSummaryServiceTest" time="0.044">
    <system-out><![CDATA[Test 5: benefits - Non-existent employee should throw Exception
Exception thrown as expected for non-existent employee: Cannot invoke "model.Employee.getRiceSubsidy()" because "employee" is null
]]></system-out>
  </testcase>
  <testcase name="test6_listPayrollSummary_dateRangeOnly" classname="PayrollSummaryServiceTest" time="0.068">
    <system-out><![CDATA[Test 6: listPayrollSummary - Only date range (all employees)
Summaries found for year 2024: 238
]]></system-out>
  </testcase>
  <testcase name="test3_benefitsCalculation" classname="PayrollSummaryServiceTest" time="0.041">
    <system-out><![CDATA[Test 3: benefits - Compute total benefit for employee
Total benefits for emp 10001: 4500.0
]]></system-out>
  </testcase>
  <testcase name="test1_listPayrollSummaryForEmployeeAndDateRange" classname="PayrollSummaryServiceTest" time="0.021">
    <system-out><![CDATA[Test 1: listPayrollSummary - For employee and date range
Summaries found: 1
]]></system-out>
  </testcase>
  <testcase name="test4_listPayrollSummary_noResults" classname="PayrollSummaryServiceTest" time="0.046">
    <system-out><![CDATA[Test 4: listPayrollSummary - For employee/date range with no results
Summaries found for invalid employee/date: 0
]]></system-out>
  </testcase>
</testsuite>