<?xml version="1.0" encoding="UTF-8"?>
<testsuite xmlns:xsi="http://www.w3.org/2001/XMLSchema-instance" xsi:noNamespaceSchemaLocation="https://maven.apache.org/surefire/maven-surefire-plugin/xsd/surefire-test-report-3.0.xsd" version="3.0" name="PayrollServiceTest" time="1.881" tests="7" errors="0" skipped="0" failures="0">
  <properties>
[...]
</properties>
  <testcase name="test6_getTotalBenefit" classname="PayrollServiceTest" time="0.886">
    <system-out><![CDATA[Database connection established for PayrollServiceTest.
Test 6: getTotalBenefit - Compute total benefit for employee
Total benefit: 4500.0
]]></system-out>
  </testcase>
  <testcase name="test7_getTakehomePay" classname="PayrollServiceTest" time="0.216">
    <system-out><![CDATA[Test 7: getTakehomePay - Compute take-home pay
Takehome pay: 59027.0
]]></system-out>
  </testcase>
  <testcase name="test3_getAllPayroll" classname="PayrollServiceTest" time="0.076">
    <system-out><![CDATA[Test 3: getAllPayroll - All payrolls for period
Payroll entries found: 1
]]></system-out>
  </testcase>
  <testcase name="test2_getPayroll_latest" classname="PayrollServiceTest" time="0.166">
    <system-out><![CDATA[Test 2: getPayroll(employeeId) - Latest payroll for employee
Latest Payroll for: UpdatedLastName, UpdatedFirstName
]]></system-out>
  </testcase>
  <testcase name="test4_computePayroll_logic" classname="PayrollServiceTest" time="0.214">
    <system-out><![CDATA[Test 4: computePayroll - Compute payroll using service logic
Computed Payroll: Gross = 67050.0, Takehome = 59027.0
]]></system-out>
  </testcase>
  <testcase name="test1_getPayroll_specificPeriod" classname="PayrollServiceTest" time="0.086">
    <system-out><![CDATA[Test 1: getPayroll(employeeId, periodStart, periodEnd) - Payslip for period
Payroll for: UpdatedLastName, UpdatedFirstName period: 2024-06-01 - 2024-06-30
]]></system-out>
  </testcase>
  <testcase name="test5_getPayDetails" classname="PayrollServiceTest" time="0.168">
    <system-out><![CDATA[Test 5: getPayDetails - Pay details breakdown
Pay details: Regular=149.0, OT=0.0, Basic=90000.0, Hourly=450.0, Gross=67050.0
]]></system-out>
  </testcase>
</testsuite>