<?xml version="1.0" encoding="UTF-8"?>
<testsuite xmlns:xsi="http://www.w3.org/2001/XMLSchema-instance" xsi:noNamespaceSchemaLocation="https://maven.apache.org/surefire/maven-surefire-plugin/xsd/surefire-test-report-3.0.xsd" version="3.0" name="AttendanceTest" time="1.663" tests="13" errors="0" skipped="0" failures="2">
  <properties>
[...]
</properties>
  <testcase name="testCase2_readOvertimeHours_validEmployee" classname="AttendanceTest" time="0.18">
    <system-out><![CDATA[Test Case 2 - Read Overtime Hours (valid employee): 0.0
]]></system-out>
  </testcase>
  <testcase name="testCase10_weightedOvertimeHourUtil_typicalCase" classname="AttendanceTest" time="0.008">
    <system-out><![CDATA[Test Case 10 - Util: Weighted Overtime Hour (2*1.25 + 1*1.5): 4.0
]]></system-out>
  </testcase>
  <testcase name="testCase13_attendanceListToTableModelUtil_createModel" classname="AttendanceTest" time="0.014">
    <system-out><![CDATA[Test Case 13 - Util: AttendanceListToTableModel (attendanceId 1)
]]></system-out>
  </testcase>
  <testcase name="testCase3_calculateRegularOvertimeHours_validEmployee" classname="AttendanceTest" time="0.017">
    <system-out><![CDATA[Test Case 3 - Calculate Regular and Overtime Hours (valid employee): Done for Employee ID 1
]]></system-out>
  </testcase>
  <testcase name="testCase12_toTableModel_spUtil_createModel" classname="AttendanceTest" time="0.005">
    <system-out><![CDATA[Test Case 12 - Util: ToTableModel_sp (list size 1)
]]></system-out>
  </testcase>
  <testcase name="testCase8_regularWorkedHoursUtil_simpleSum" classname="AttendanceTest" time="0.001">
    <system-out><![CDATA[Test Case 8 - Util: Regular Worked Hours (sum): 15
]]></system-out>
  </testcase>
  <testcase name="testCase11_isValidTimeFormatUtil_variousCases" classname="AttendanceTest" time="0.029">
    <failure message="25:61 should not be valid time format. ==&gt; expected: &lt;false&gt; but was: &lt;true&gt;" type="org.opentest4j.AssertionFailedError"><![CDATA[org.opentest4j.AssertionFailedError: 25:61 should not be valid time format. ==> expected: <false> but was: <true>
	at org.junit.jupiter.api.AssertionFailureBuilder.build(AssertionFailureBuilder.java:151)
	at org.junit.jupiter.api.AssertionFailureBuilder.buildAndThrow(AssertionFailureBuilder.java:132)
	at org.junit.jupiter.api.AssertFalse.failNotFalse(AssertFalse.java:63)
	at org.junit.jupiter.api.AssertFalse.assertFalse(AssertFalse.java:36)
	at org.junit.jupiter.api.Assertions.assertFalse(Assertions.java:239)
	at AttendanceTest.testCase11_isValidTimeFormatUtil_variousCases(AttendanceTest.java:132)
	at java.base/java.lang.reflect.Method.invoke(Method.java:580)
	at java.base/java.util.ArrayList.forEach(ArrayList.java:1596)
	at java.base/java.util.ArrayList.forEach(ArrayList.java:1596)
]]></failure>
    <system-out><![CDATA[Test Case 11 - Util: Is Valid Time Format (08:00=true, 8:0=false, 25:61=true)
]]></system-out>
  </testcase>
  <testcase name="testCase9_overtimeHoursUtil_simpleSum" classname="AttendanceTest" time="0.002">
    <system-out><![CDATA[Test Case 9 - Util: Overtime Hours (sum): 5
]]></system-out>
  </testcase>
  <testcase name="testCase6_addAttendance_validAttendance" classname="AttendanceTest" time="0.613">
    <failure message="Adding attendance should not throw any exception. ==&gt; Unexpected exception thrown: java.lang.RuntimeException: java.sql.SQLIntegrityConstraintViolationException: Cannot add or update a child row: a foreign key constraint fails (`payrollsystem_db`.`attendance`, CONSTRAINT `attendance_ibfk_1` FOREIGN KEY (`employee_id`) REFERENCES `employee` (`employee_id`))" type="org.opentest4j.AssertionFailedError"><![CDATA[org.opentest4j.AssertionFailedError: Adding attendance should not throw any exception. ==> Unexpected exception thrown: java.lang.RuntimeException: java.sql.SQLIntegrityConstraintViolationException: Cannot add or update a child row: a foreign key constraint fails (`payrollsystem_db`.`attendance`, CONSTRAINT `attendance_ibfk_1` FOREIGN KEY (`employee_id`) REFERENCES `employee` (`employee_id`))
	at org.junit.jupiter.api.AssertionFailureBuilder.build(AssertionFailureBuilder.java:152)
	at org.junit.jupiter.api.AssertDoesNotThrow.createAssertionFailedError(AssertDoesNotThrow.java:84)
	at org.junit.jupiter.api.AssertDoesNotThrow.assertDoesNotThrow(AssertDoesNotThrow.java:53)
	at org.junit.jupiter.api.AssertDoesNotThrow.assertDoesNotThrow(AssertDoesNotThrow.java:40)
	at org.junit.jupiter.api.Assertions.assertDoesNotThrow(Assertions.java:3187)
	at AttendanceTest.testCase6_addAttendance_validAttendance(AttendanceTest.java:79)
	at java.base/java.lang.reflect.Method.invoke(Method.java:580)
	at java.base/java.util.ArrayList.forEach(ArrayList.java:1596)
	at java.base/java.util.ArrayList.forEach(ArrayList.java:1596)
Caused by: java.lang.RuntimeException: java.sql.SQLIntegrityConstraintViolationException: Cannot add or update a child row: a foreign key constraint fails (`payrollsystem_db`.`attendance`, CONSTRAINT `attendance_ibfk_1` FOREIGN KEY (`employee_id`) REFERENCES `employee` (`employee_id`))
	at service.AttendanceService.addAttendance(AttendanceService.java:225)
	at AttendanceTest.lambda$testCase6_addAttendance_validAttendance$0(AttendanceTest.java:79)
	at org.junit.jupiter.api.AssertDoesNotThrow.assertDoesNotThrow(AssertDoesNotThrow.java:49)
	... 6 more
Caused by: java.sql.SQLIntegrityConstraintViolationException: Cannot add or update a child row: a foreign key constraint fails (`payrollsystem_db`.`attendance`, CONSTRAINT `attendance_ibfk_1` FOREIGN KEY (`employee_id`) REFERENCES `employee` (`employee_id`))
	at com.mysql.cj.jdbc.exceptions.SQLError.createSQLException(SQLError.java:109)
	at com.mysql.cj.jdbc.exceptions.SQLExceptionsMapping.translateException(SQLExceptionsMapping.java:114)
	at com.mysql.cj.jdbc.ClientPreparedStatement.executeInternal(ClientPreparedStatement.java:990)
	at com.mysql.cj.jdbc.ClientPreparedStatement.executeUpdateInternal(ClientPreparedStatement.java:1168)
	at com.mysql.cj.jdbc.ClientPreparedStatement.executeUpdateInternal(ClientPreparedStatement.java:1103)
	at com.mysql.cj.jdbc.ClientPreparedStatement.executeLargeUpdate(ClientPreparedStatement.java:1450)
	at com.mysql.cj.jdbc.ClientPreparedStatement.executeUpdate(ClientPreparedStatement.java:1086)
	at dao.AttendanceDAO.addAttendance(AttendanceDAO.java:118)
	at service.AttendanceService.addAttendance(AttendanceService.java:222)
	... 8 more
]]></failure>
    <system-err><![CDATA[Error adding attendance: Cannot add or update a child row: a foreign key constraint fails (`payrollsystem_db`.`attendance`, CONSTRAINT `attendance_ibfk_1` FOREIGN KEY (`employee_id`) REFERENCES `employee` (`employee_id`))
]]></system-err>
  </testcase>
  <testcase name="testCase5_listAllAttendance_nonNullResult" classname="AttendanceTest" time="0.17">
    <system-out><![CDATA[Test Case 5 - List All Attendance: Found 5168 records.
]]></system-out>
  </testcase>
  <testcase name="testCase7_calculateWorkedHoursUtil_standardDay" classname="AttendanceTest" time="0.006">
    <system-out><![CDATA[Test Case 7 - Util: Calculate Worked Hours (08:00-17:00): 8
]]></system-out>
  </testcase>
  <testcase name="testCase1_readRegularHours_validEmployee" classname="AttendanceTest" time="0.013">
    <system-out><![CDATA[Test Case 1 - Read Regular Hours (valid employee): 0.0
]]></system-out>
  </testcase>
  <testcase name="testCase4_getWeightedOvertimes_validEmployee" classname="AttendanceTest" time="0.011">
    <system-out><![CDATA[Test Case 4 - Get Weighted Overtimes (valid employee): 0.0
]]></system-out>
  </testcase>
</testsuite>